{"message":"404 - Not Found - /vendor/daterangepicker/daterangepicker.css - GET - ::1","level":"error"}
{"message":"::1 - - [29/Mar/2020:23:36:54 +0000] \"GET /vendor/daterangepicker/daterangepicker.css HTTP/1.1\" 404 - \"http://localhost:5000/\" \"Mozilla/5.0 (Windows NT 10.0; Win64; x64) AppleWebKit/537.36 (KHTML, like Gecko) Chrome/80.0.3987.132 Safari/537.36 Avast/80.0.3621.133\"\n","level":"info"}
{"message":"::1 - - [29/Mar/2020:23:36:57 +0000] \"GET /vendor/animate/animate.css HTTP/1.1\" 304 - \"http://localhost:5000/\" \"Mozilla/5.0 (Windows NT 10.0; Win64; x64) AppleWebKit/537.36 (KHTML, like Gecko) Chrome/80.0.3987.132 Safari/537.36 Avast/80.0.3621.133\"\n","level":"info"}
{"message":"::1 - - [29/Mar/2020:23:36:58 +0000] \"GET /vendor/css-hamburgers/hamburgers.min.css HTTP/1.1\" 304 - \"http://localhost:5000/\" \"Mozilla/5.0 (Windows NT 10.0; Win64; x64) AppleWebKit/537.36 (KHTML, like Gecko) Chrome/80.0.3987.132 Safari/537.36 Avast/80.0.3621.133\"\n","level":"info"}
{"message":"::1 - - [29/Mar/2020:23:36:58 +0000] \"GET /vendor/select2/select2.min.css HTTP/1.1\" 304 - \"http://localhost:5000/\" \"Mozilla/5.0 (Windows NT 10.0; Win64; x64) AppleWebKit/537.36 (KHTML, like Gecko) Chrome/80.0.3987.132 Safari/537.36 Avast/80.0.3621.133\"\n","level":"info"}
{"message":"::1 - - [29/Mar/2020:23:36:59 +0000] \"GET /vendor/bootstrap/css/bootstrap.min.css HTTP/1.1\" 304 - \"http://localhost:5000/\" \"Mozilla/5.0 (Windows NT 10.0; Win64; x64) AppleWebKit/537.36 (KHTML, like Gecko) Chrome/80.0.3987.132 Safari/537.36 Avast/80.0.3621.133\"\n","level":"info"}
{"message":"::1 - - [29/Mar/2020:23:36:59 +0000] \"GET /css/main.css HTTP/1.1\" 304 - \"http://localhost:5000/\" \"Mozilla/5.0 (Windows NT 10.0; Win64; x64) AppleWebKit/537.36 (KHTML, like Gecko) Chrome/80.0.3987.132 Safari/537.36 Avast/80.0.3621.133\"\n","level":"info"}
{"message":"::1 - - [29/Mar/2020:23:36:59 +0000] \"GET /fonts/font-awesome-4.7.0/css/font-awesome.min.css HTTP/1.1\" 304 - \"http://localhost:5000/\" \"Mozilla/5.0 (Windows NT 10.0; Win64; x64) AppleWebKit/537.36 (KHTML, like Gecko) Chrome/80.0.3987.132 Safari/537.36 Avast/80.0.3621.133\"\n","level":"info"}
{"message":"::1 - - [29/Mar/2020:23:37:03 +0000] \"GET /vendor/animsition/css/animsition.min.css HTTP/1.1\" 304 - \"http://localhost:5000/\" \"Mozilla/5.0 (Windows NT 10.0; Win64; x64) AppleWebKit/537.36 (KHTML, like Gecko) Chrome/80.0.3987.132 Safari/537.36 Avast/80.0.3621.133\"\n","level":"info"}
{"message":"::1 - - [29/Mar/2020:23:37:03 +0000] \"GET /css/util.css HTTP/1.1\" 304 - \"http://localhost:5000/\" \"Mozilla/5.0 (Windows NT 10.0; Win64; x64) AppleWebKit/537.36 (KHTML, like Gecko) Chrome/80.0.3987.132 Safari/537.36 Avast/80.0.3621.133\"\n","level":"info"}
{"message":"::1 - - [29/Mar/2020:23:37:04 +0000] \"GET /vendor/jquery/jquery-3.2.1.min.js HTTP/1.1\" 304 - \"http://localhost:5000/\" \"Mozilla/5.0 (Windows NT 10.0; Win64; x64) AppleWebKit/537.36 (KHTML, like Gecko) Chrome/80.0.3987.132 Safari/537.36 Avast/80.0.3621.133\"\n","level":"info"}
{"message":"::1 - - [29/Mar/2020:23:37:04 +0000] \"GET /vendor/animsition/js/animsition.min.js HTTP/1.1\" 304 - \"http://localhost:5000/\" \"Mozilla/5.0 (Windows NT 10.0; Win64; x64) AppleWebKit/537.36 (KHTML, like Gecko) Chrome/80.0.3987.132 Safari/537.36 Avast/80.0.3621.133\"\n","level":"info"}
{"message":"::1 - - [29/Mar/2020:23:37:05 +0000] \"GET /vendor/bootstrap/js/popper.js HTTP/1.1\" 304 - \"http://localhost:5000/\" \"Mozilla/5.0 (Windows NT 10.0; Win64; x64) AppleWebKit/537.36 (KHTML, like Gecko) Chrome/80.0.3987.132 Safari/537.36 Avast/80.0.3621.133\"\n","level":"info"}
{"message":"::1 - - [29/Mar/2020:23:37:05 +0000] \"GET /vendor/bootstrap/js/bootstrap.min.js HTTP/1.1\" 304 - \"http://localhost:5000/\" \"Mozilla/5.0 (Windows NT 10.0; Win64; x64) AppleWebKit/537.36 (KHTML, like Gecko) Chrome/80.0.3987.132 Safari/537.36 Avast/80.0.3621.133\"\n","level":"info"}
{"message":"::1 - - [29/Mar/2020:23:37:08 +0000] \"GET /vendor/select2/select2.min.js HTTP/1.1\" 304 - \"http://localhost:5000/\" \"Mozilla/5.0 (Windows NT 10.0; Win64; x64) AppleWebKit/537.36 (KHTML, like Gecko) Chrome/80.0.3987.132 Safari/537.36 Avast/80.0.3621.133\"\n","level":"info"}
{"message":"::1 - - [29/Mar/2020:23:37:09 +0000] \"GET /js/main.js HTTP/1.1\" 304 - \"http://localhost:5000/\" \"Mozilla/5.0 (Windows NT 10.0; Win64; x64) AppleWebKit/537.36 (KHTML, like Gecko) Chrome/80.0.3987.132 Safari/537.36 Avast/80.0.3621.133\"\n","level":"info"}
{"message":"::1 - - [29/Mar/2020:23:37:09 +0000] \"GET /fonts/poppins/Poppins-Regular.ttf HTTP/1.1\" 304 - \"http://localhost:5000/css/main.css\" \"Mozilla/5.0 (Windows NT 10.0; Win64; x64) AppleWebKit/537.36 (KHTML, like Gecko) Chrome/80.0.3987.132 Safari/537.36 Avast/80.0.3621.133\"\n","level":"info"}
{"message":"::1 - - [29/Mar/2020:23:37:10 +0000] \"GET /fonts/poppins/Poppins-Medium.ttf HTTP/1.1\" 304 - \"http://localhost:5000/css/main.css\" \"Mozilla/5.0 (Windows NT 10.0; Win64; x64) AppleWebKit/537.36 (KHTML, like Gecko) Chrome/80.0.3987.132 Safari/537.36 Avast/80.0.3621.133\"\n","level":"info"}
{"message":"::1 - - [29/Mar/2020:23:37:10 +0000] \"GET /fonts/font-awesome-4.7.0/fonts/fontawesome-webfont.woff2?v=4.7.0 HTTP/1.1\" 304 - \"http://localhost:5000/fonts/font-awesome-4.7.0/css/font-awesome.min.css\" \"Mozilla/5.0 (Windows NT 10.0; Win64; x64) AppleWebKit/537.36 (KHTML, like Gecko) Chrome/80.0.3987.132 Safari/537.36 Avast/80.0.3621.133\"\n","level":"info"}
{"message":"::1 - - [29/Mar/2020:23:37:11 +0000] \"GET /fonts/poppins/Poppins-Bold.ttf HTTP/1.1\" 304 - \"http://localhost:5000/css/main.css\" \"Mozilla/5.0 (Windows NT 10.0; Win64; x64) AppleWebKit/537.36 (KHTML, like Gecko) Chrome/80.0.3987.132 Safari/537.36 Avast/80.0.3621.133\"\n","level":"info"}
{"message":"::1 - - [29/Mar/2020:23:37:12 +0000] \"GET /images/helpdesk.jpg HTTP/1.1\" 304 - \"http://localhost:5000/\" \"Mozilla/5.0 (Windows NT 10.0; Win64; x64) AppleWebKit/537.36 (KHTML, like Gecko) Chrome/80.0.3987.132 Safari/537.36 Avast/80.0.3621.133\"\n","level":"info"}
{"message":"::1 - - [29/Mar/2020:23:37:24 +0000] \"GET /page/css/style.css HTTP/1.1\" 304 - \"http://localhost:5000/admin\" \"Mozilla/5.0 (Windows NT 10.0; Win64; x64) AppleWebKit/537.36 (KHTML, like Gecko) Chrome/80.0.3987.132 Safari/537.36 Avast/80.0.3621.133\"\n","level":"info"}
{"message":"::1 - - [29/Mar/2020:23:37:25 +0000] \"GET /page/plugins/common/common.min.js HTTP/1.1\" 304 - \"http://localhost:5000/admin\" \"Mozilla/5.0 (Windows NT 10.0; Win64; x64) AppleWebKit/537.36 (KHTML, like Gecko) Chrome/80.0.3987.132 Safari/537.36 Avast/80.0.3621.133\"\n","level":"info"}
{"message":"::1 - - [29/Mar/2020:23:37:25 +0000] \"GET /page/js/custom.min.js HTTP/1.1\" 304 - \"http://localhost:5000/admin\" \"Mozilla/5.0 (Windows NT 10.0; Win64; x64) AppleWebKit/537.36 (KHTML, like Gecko) Chrome/80.0.3987.132 Safari/537.36 Avast/80.0.3621.133\"\n","level":"info"}
{"message":"::1 - - [29/Mar/2020:23:37:26 +0000] \"GET /page/js/gleek.js HTTP/1.1\" 304 - \"http://localhost:5000/admin\" \"Mozilla/5.0 (Windows NT 10.0; Win64; x64) AppleWebKit/537.36 (KHTML, like Gecko) Chrome/80.0.3987.132 Safari/537.36 Avast/80.0.3621.133\"\n","level":"info"}
{"message":"::1 - - [29/Mar/2020:23:37:26 +0000] \"GET /page/js/settings.js HTTP/1.1\" 304 - \"http://localhost:5000/admin\" \"Mozilla/5.0 (Windows NT 10.0; Win64; x64) AppleWebKit/537.36 (KHTML, like Gecko) Chrome/80.0.3987.132 Safari/537.36 Avast/80.0.3621.133\"\n","level":"info"}
{"message":"::1 - - [29/Mar/2020:23:37:27 +0000] \"GET /page/js/styleSwitcher.js HTTP/1.1\" 304 - \"http://localhost:5000/admin\" \"Mozilla/5.0 (Windows NT 10.0; Win64; x64) AppleWebKit/537.36 (KHTML, like Gecko) Chrome/80.0.3987.132 Safari/537.36 Avast/80.0.3621.133\"\n","level":"info"}
{"message":"::1 - - [29/Mar/2020:23:37:30 +0000] \"GET /page/plugins/tables/jquery.dataTables.min.js HTTP/1.1\" 304 - \"http://localhost:5000/admin\" \"Mozilla/5.0 (Windows NT 10.0; Win64; x64) AppleWebKit/537.36 (KHTML, like Gecko) Chrome/80.0.3987.132 Safari/537.36 Avast/80.0.3621.133\"\n","level":"info"}
{"message":"::1 - - [29/Mar/2020:23:37:30 +0000] \"GET /page/icons/font-awesome/css/font-awesome.min.css HTTP/1.1\" 304 - \"http://localhost:5000/admin\" \"Mozilla/5.0 (Windows NT 10.0; Win64; x64) AppleWebKit/537.36 (KHTML, like Gecko) Chrome/80.0.3987.132 Safari/537.36 Avast/80.0.3621.133\"\n","level":"info"}
{"message":"::1 - - [29/Mar/2020:23:37:31 +0000] \"GET /page/icons/simple-line-icons/css/simple-line-icons.css HTTP/1.1\" 304 - \"http://localhost:5000/admin\" \"Mozilla/5.0 (Windows NT 10.0; Win64; x64) AppleWebKit/537.36 (KHTML, like Gecko) Chrome/80.0.3987.132 Safari/537.36 Avast/80.0.3621.133\"\n","level":"info"}
{"message":"::1 - - [29/Mar/2020:23:37:31 +0000] \"GET /page/icons/weather-icons/css/weather-icons.min.css HTTP/1.1\" 304 - \"http://localhost:5000/admin\" \"Mozilla/5.0 (Windows NT 10.0; Win64; x64) AppleWebKit/537.36 (KHTML, like Gecko) Chrome/80.0.3987.132 Safari/537.36 Avast/80.0.3621.133\"\n","level":"info"}
{"message":"::1 - - [29/Mar/2020:23:37:32 +0000] \"GET /page/icons/cryptocoins/css/cryptocoins.css HTTP/1.1\" 304 - \"http://localhost:5000/admin\" \"Mozilla/5.0 (Windows NT 10.0; Win64; x64) AppleWebKit/537.36 (KHTML, like Gecko) Chrome/80.0.3987.132 Safari/537.36 Avast/80.0.3621.133\"\n","level":"info"}
{"message":"::1 - - [29/Mar/2020:23:37:32 +0000] \"GET /page/icons/cryptocoins/css/cryptocoins-colors.css HTTP/1.1\" 304 - \"http://localhost:5000/admin\" \"Mozilla/5.0 (Windows NT 10.0; Win64; x64) AppleWebKit/537.36 (KHTML, like Gecko) Chrome/80.0.3987.132 Safari/537.36 Avast/80.0.3621.133\"\n","level":"info"}
{"message":"::1 - - [29/Mar/2020:23:37:35 +0000] \"GET /page/icons/linea-icons/linea.css HTTP/1.1\" 304 - \"http://localhost:5000/admin\" \"Mozilla/5.0 (Windows NT 10.0; Win64; x64) AppleWebKit/537.36 (KHTML, like Gecko) Chrome/80.0.3987.132 Safari/537.36 Avast/80.0.3621.133\"\n","level":"info"}
{"message":"::1 - - [29/Mar/2020:23:37:36 +0000] \"GET /page/icons/ionicons/css/ionicons.css HTTP/1.1\" 304 - \"http://localhost:5000/admin\" \"Mozilla/5.0 (Windows NT 10.0; Win64; x64) AppleWebKit/537.36 (KHTML, like Gecko) Chrome/80.0.3987.132 Safari/537.36 Avast/80.0.3621.133\"\n","level":"info"}
{"message":"::1 - - [29/Mar/2020:23:37:36 +0000] \"GET /page/icons/themify-icons/themify-icons.css HTTP/1.1\" 304 - \"http://localhost:5000/admin\" \"Mozilla/5.0 (Windows NT 10.0; Win64; x64) AppleWebKit/537.36 (KHTML, like Gecko) Chrome/80.0.3987.132 Safari/537.36 Avast/80.0.3621.133\"\n","level":"info"}
{"message":"::1 - - [29/Mar/2020:23:37:37 +0000] \"GET /page/icons/flag-icon-css/flag-icon.min.css HTTP/1.1\" 304 - \"http://localhost:5000/admin\" \"Mozilla/5.0 (Windows NT 10.0; Win64; x64) AppleWebKit/537.36 (KHTML, like Gecko) Chrome/80.0.3987.132 Safari/537.36 Avast/80.0.3621.133\"\n","level":"info"}
{"message":"::1 - - [29/Mar/2020:23:37:37 +0000] \"GET /page/icons/pe-icon-set-weather/css/pe-icon-set-weather.min.css HTTP/1.1\" 304 - \"http://localhost:5000/admin\" \"Mozilla/5.0 (Windows NT 10.0; Win64; x64) AppleWebKit/537.36 (KHTML, like Gecko) Chrome/80.0.3987.132 Safari/537.36 Avast/80.0.3621.133\"\n","level":"info"}
{"message":"::1 - - [29/Mar/2020:23:37:38 +0000] \"GET /page/icons/material-design-iconic-font/materialdesignicons.min.css HTTP/1.1\" 304 - \"http://localhost:5000/admin\" \"Mozilla/5.0 (Windows NT 10.0; Win64; x64) AppleWebKit/537.36 (KHTML, like Gecko) Chrome/80.0.3987.132 Safari/537.36 Avast/80.0.3621.133\"\n","level":"info"}
{"message":"::1 - - [29/Mar/2020:23:37:40 +0000] \"GET /page/plugins/animate/animate.min.css HTTP/1.1\" 304 - \"http://localhost:5000/admin\" \"Mozilla/5.0 (Windows NT 10.0; Win64; x64) AppleWebKit/537.36 (KHTML, like Gecko) Chrome/80.0.3987.132 Safari/537.36 Avast/80.0.3621.133\"\n","level":"info"}
{"message":"::1 - - [29/Mar/2020:23:37:41 +0000] \"GET /page/plugins/metismenu/css/metisMenu.min.css HTTP/1.1\" 304 - \"http://localhost:5000/admin\" \"Mozilla/5.0 (Windows NT 10.0; Win64; x64) AppleWebKit/537.36 (KHTML, like Gecko) Chrome/80.0.3987.132 Safari/537.36 Avast/80.0.3621.133\"\n","level":"info"}
{"message":"::1 - - [29/Mar/2020:23:37:41 +0000] \"GET /page/plugins/bootstrap-select/dist/css/bootstrap-select.min.css HTTP/1.1\" 304 - \"http://localhost:5000/admin\" \"Mozilla/5.0 (Windows NT 10.0; Win64; x64) AppleWebKit/537.36 (KHTML, like Gecko) Chrome/80.0.3987.132 Safari/537.36 Avast/80.0.3621.133\"\n","level":"info"}
{"message":"::1 - - [29/Mar/2020:23:37:42 +0000] \"GET /page/plugins/tables/dataTables.bootstrap4.min.js HTTP/1.1\" 304 - \"http://localhost:5000/admin\" \"Mozilla/5.0 (Windows NT 10.0; Win64; x64) AppleWebKit/537.36 (KHTML, like Gecko) Chrome/80.0.3987.132 Safari/537.36 Avast/80.0.3621.133\"\n","level":"info"}
{"message":"::1 - - [29/Mar/2020:23:37:42 +0000] \"GET /page/plugins/tables/datatable-basic.min.js HTTP/1.1\" 304 - \"http://localhost:5000/admin\" \"Mozilla/5.0 (Windows NT 10.0; Win64; x64) AppleWebKit/537.36 (KHTML, like Gecko) Chrome/80.0.3987.132 Safari/537.36 Avast/80.0.3621.133\"\n","level":"info"}
{"message":"404 - Not Found - /favicon.ico - GET - ::1","level":"error"}
{"message":"::1 - - [29/Mar/2020:23:37:43 +0000] \"GET /favicon.ico HTTP/1.1\" 404 - \"http://localhost:5000/admin\" \"Mozilla/5.0 (Windows NT 10.0; Win64; x64) AppleWebKit/537.36 (KHTML, like Gecko) Chrome/80.0.3987.132 Safari/537.36 Avast/80.0.3621.133\"\n","level":"info"}
{"message":"404 - Not Found - /helpdesk/admin/reset-password - POST - ::1","level":"error"}
{"message":"::1 - - [30/Mar/2020:00:34:39 +0000] \"POST /helpdesk/admin/reset-password HTTP/1.1\" 404 - \"http://localhost:5000/admin\" \"Mozilla/5.0 (Windows NT 10.0; Win64; x64) AppleWebKit/537.36 (KHTML, like Gecko) Chrome/80.0.3987.132 Safari/537.36 Avast/80.0.3621.133\"\n","level":"info"}
{"message":"404 - Not Found - /page/plugins/common/bootstrap-select.js.map - GET - ::1","level":"error"}
{"message":"::1 - - [30/Mar/2020:00:34:53 +0000] \"GET /page/plugins/common/bootstrap-select.js.map HTTP/1.1\" 404 - \"-\" \"Mozilla/5.0 (Windows NT 10.0; Win64; x64) AppleWebKit/537.36 (KHTML, like Gecko) Chrome/80.0.3987.132 Safari/537.36 Avast/80.0.3621.133\"\n","level":"info"}
{"message":"404 - Not Found - /page/css/style.css.map - GET - ::1","level":"error"}
{"message":"::1 - - [30/Mar/2020:00:34:54 +0000] \"GET /page/css/style.css.map HTTP/1.1\" 404 - \"-\" \"Mozilla/5.0 (Windows NT 10.0; Win64; x64) AppleWebKit/537.36 (KHTML, like Gecko) Chrome/80.0.3987.132 Safari/537.36 Avast/80.0.3621.133\"\n","level":"info"}
{"message":"404 - Not Found - /page/icons/material-design-iconic-font/materialdesignicons.css.map - GET - ::1","level":"error"}
{"message":"::1 - - [30/Mar/2020:00:34:54 +0000] \"GET /page/icons/material-design-iconic-font/materialdesignicons.css.map HTTP/1.1\" 404 - \"-\" \"Mozilla/5.0 (Windows NT 10.0; Win64; x64) AppleWebKit/537.36 (KHTML, like Gecko) Chrome/80.0.3987.132 Safari/537.36 Avast/80.0.3621.133\"\n","level":"info"}
{"message":"404 - Not Found - /page/plugins/metismenu/css/metisMenu.min.css.map - GET - ::1","level":"error"}
{"message":"::1 - - [30/Mar/2020:00:34:55 +0000] \"GET /page/plugins/metismenu/css/metisMenu.min.css.map HTTP/1.1\" 404 - \"-\" \"Mozilla/5.0 (Windows NT 10.0; Win64; x64) AppleWebKit/537.36 (KHTML, like Gecko) Chrome/80.0.3987.132 Safari/537.36 Avast/80.0.3621.133\"\n","level":"info"}
{"message":"404 - Not Found - /helpdesk/admin/reset-password - POST - ::1","level":"error"}
{"message":"::1 - - [30/Mar/2020:00:35:22 +0000] \"POST /helpdesk/admin/reset-password HTTP/1.1\" 404 - \"http://localhost:5000/admin\" \"Mozilla/5.0 (Windows NT 10.0; Win64; x64) AppleWebKit/537.36 (KHTML, like Gecko) Chrome/80.0.3987.132 Safari/537.36 Avast/80.0.3621.133\"\n","level":"info"}
{"message":"404 - Not Found - /page/css/style.css.map - GET - ::1","level":"error"}
{"message":"::1 - - [30/Mar/2020:00:37:02 +0000] \"GET /page/css/style.css.map HTTP/1.1\" 404 - \"-\" \"Mozilla/5.0 (Windows NT 10.0; Win64; x64) AppleWebKit/537.36 (KHTML, like Gecko) Chrome/80.0.3987.132 Safari/537.36 Avast/80.0.3621.133\"\n","level":"info"}
{"message":"404 - Not Found - /page/icons/material-design-iconic-font/materialdesignicons.css.map - GET - ::1","level":"error"}
{"message":"::1 - - [30/Mar/2020:00:37:03 +0000] \"GET /page/icons/material-design-iconic-font/materialdesignicons.css.map HTTP/1.1\" 404 - \"-\" \"Mozilla/5.0 (Windows NT 10.0; Win64; x64) AppleWebKit/537.36 (KHTML, like Gecko) Chrome/80.0.3987.132 Safari/537.36 Avast/80.0.3621.133\"\n","level":"info"}
{"message":"404 - Not Found - /page/plugins/metismenu/css/metisMenu.min.css.map - GET - ::1","level":"error"}
{"message":"::1 - - [30/Mar/2020:00:37:03 +0000] \"GET /page/plugins/metismenu/css/metisMenu.min.css.map HTTP/1.1\" 404 - \"-\" \"Mozilla/5.0 (Windows NT 10.0; Win64; x64) AppleWebKit/537.36 (KHTML, like Gecko) Chrome/80.0.3987.132 Safari/537.36 Avast/80.0.3621.133\"\n","level":"info"}
{"message":"404 - Not Found - /page/plugins/common/bootstrap-select.js.map - GET - ::1","level":"error"}
{"message":"::1 - - [30/Mar/2020:00:37:03 +0000] \"GET /page/plugins/common/bootstrap-select.js.map HTTP/1.1\" 404 - \"-\" \"Mozilla/5.0 (Windows NT 10.0; Win64; x64) AppleWebKit/537.36 (KHTML, like Gecko) Chrome/80.0.3987.132 Safari/537.36 Avast/80.0.3621.133\"\n","level":"info"}
{"message":"404 - Not Found - /vendor/daterangepicker/daterangepicker.css - GET - ::1","level":"error"}
{"message":"::1 - - [30/Mar/2020:00:57:20 +0000] \"GET /vendor/daterangepicker/daterangepicker.css HTTP/1.1\" 404 - \"http://localhost:5000/\" \"Mozilla/5.0 (Windows NT 10.0; Win64; x64) AppleWebKit/537.36 (KHTML, like Gecko) Chrome/80.0.3987.132 Safari/537.36 Avast/80.0.3621.133\"\n","level":"info"}
